<?xml version="1.0" encoding="UTF-8"?>
<testsuite name="projtestecalculadora.AppTest" tests="1" skipped="0" failures="0" errors="0" timestamp="2023-08-08T00:48:47" hostname="LAB-04-14" time="0.003">
  <properties/>
  <testcase name="appHasAGreeting" classname="projtestecalculadora.AppTest" time="0.003"/>
  <system-out><![CDATA[]]></system-out>
  <system-err><![CDATA[]]></system-err>
</testsuite>
